<?xml version="1.0" encoding="UTF-8"?>
<testng-results ignored="0" total="1" passed="1" failed="0" skipped="0">
  <reporter-output>
  </reporter-output>
  <suite started-at="2021-11-10T21:43:29 ICT" name="Default suite" finished-at="2021-11-10T21:43:58 ICT" duration-ms="29419">
    <groups>
    </groups>
    <test started-at="2021-11-10T21:43:29 ICT" name="Default test" finished-at="2021-11-10T21:43:58 ICT" duration-ms="29419">
      <class name="testcases.Register">
        <test-method is-config="true" signature="beforeMethod()[pri:0, instance:testcases.Register@67c33749]" started-at="2021-11-10T21:43:29 ICT" name="beforeMethod" finished-at="2021-11-10T21:43:34 ICT" duration-ms="4842" status="PASS">
          <reporter-output>
          </reporter-output>
        </test-method> <!-- beforeMethod -->
        <test-method signature="registerTest()[pri:0, instance:testcases.Register@67c33749]" started-at="2021-11-10T21:43:34 ICT" name="registerTest" finished-at="2021-11-10T21:43:58 ICT" duration-ms="24049" status="PASS">
          <reporter-output>
          </reporter-output>
        </test-method> <!-- registerTest -->
        <test-method is-config="true" signature="afterMethod()[pri:0, instance:testcases.Register@67c33749]" started-at="2021-11-10T21:43:58 ICT" name="afterMethod" finished-at="2021-11-10T21:43:58 ICT" duration-ms="435" status="PASS">
          <reporter-output>
          </reporter-output>
        </test-method> <!-- afterMethod -->
      </class> <!-- testcases.Register -->
    </test> <!-- Default test -->
  </suite> <!-- Default suite -->
</testng-results>
